app/build/outputs/logs/manifest-merger-release-report.txt
-- Merging decision tree log ---
manifest
ADDED from src\main\AndroidManifest.xml:1:1-27:12
INJECTED from src\main\AndroidManifest.xml:1:1-27:12
INJECTED from src\main\AndroidManifest.xml:1:1-27:12
INJECTED from src\main\AndroidManifest.xml:1:1-27:12
INJECTED from src\main\AndroidManifest.xml:1:1-27:12
INJECTED from src\main\AndroidManifest.xml:1:1-27:12
INJECTED from src\main\AndroidManifest.xml:1:1-27:12
	package
		ADDED from src\main\AndroidManifest.xml:3:2-33
		INJECTED from src\main\AndroidManifest.xml
		INJECTED from src\main\AndroidManifest.xml
	android:versionName
		INJECTED from src\main\AndroidManifest.xml
		ADDED from src\main\AndroidManifest.xml:1:1-27:12
		INJECTED from src\main\AndroidManifest.xml
	android:versionCode
		INJECTED from src\main\AndroidManifest.xml
		ADDED from src\main\AndroidManifest.xml:1:1-27:12
		INJECTED from src\main\AndroidManifest.xml
	xmlns:android
		ADDED from src\main\AndroidManifest.xml:2:2-60
uses-permission#android.permission.READ_EXTERNAL_STORAGE
ADDED from src\main\AndroidManifest.xml:4:2-76
	android:name
		ADDED from src\main\AndroidManifest.xml:4:19-74
uses-permission#android.permission.WRITE_EXTERNAL_STORAGE
ADDED from src\main\AndroidManifest.xml:5:2-77
	android:name
		ADDED from src\main\AndroidManifest.xml:5:19-75
application
ADDED from src\main\AndroidManifest.xml:6:2-26:16
	android:label
		ADDED from src\main\AndroidManifest.xml:7:3-34
	android:largeHeap
		ADDED from src\main\AndroidManifest.xml:9:3-27
	android:icon
		ADDED from src\main\AndroidManifest.xml:8:3-36
	android:theme
		ADDED from src\main\AndroidManifest.xml:10:3-34
activity#com.dhruva.ungeelbill.MainActivity
ADDED from src\main\AndroidManifest.xml:12:3-20:14
	android:screenOrientation
		ADDED from src\main\AndroidManifest.xml:15:4-40
	android:configChanges
		ADDED from src\main\AndroidManifest.xml:14:4-50
	android:name
		ADDED from src\main\AndroidManifest.xml:13:4-32
intent-filter#action:name:android.intent.action.MAIN+category:name:android.intent.category.LAUNCHER
ADDED from src\main\AndroidManifest.xml:16:4-19:20
action#android.intent.action.MAIN
ADDED from src\main\AndroidManifest.xml:17:5-56
	android:name
		ADDED from src\main\AndroidManifest.xml:17:13-54
category#android.intent.category.LAUNCHER
ADDED from src\main\AndroidManifest.xml:18:5-64
	android:name
		ADDED from src\main\AndroidManifest.xml:18:15-62
activity#com.dhruva.ungeelbill.HelpActivity
ADDED from src\main\AndroidManifest.xml:21:3-25:42
	android:screenOrientation
		ADDED from src\main\AndroidManifest.xml:25:4-40
	android:configChanges
		ADDED from src\main\AndroidManifest.xml:23:4-50
	android:theme
		ADDED from src\main\AndroidManifest.xml:24:4-37
	android:name
		ADDED from src\main\AndroidManifest.xml:22:4-32
uses-sdk
INJECTED from src\main\AndroidManifest.xml reason: use-sdk injection requested
INJECTED from src\main\AndroidManifest.xml
INJECTED from src\main\AndroidManifest.xml
INJECTED from src\main\AndroidManifest.xml
INJECTED from src\main\AndroidManifest.xml
	android:targetSdkVersion
		INJECTED from src\main\AndroidManifest.xml
		ADDED from src\main\AndroidManifest.xml
		INJECTED from src\main\AndroidManifest.xml
	android:minSdkVersion
		INJECTED from src\main\AndroidManifest.xml
		ADDED from src\main\AndroidManifest.xml
		INJECTED from src\main\AndroidManifest.xml